556792303491
556791188228
556791106310
556793115401
556798399626
556784045579
556799547148
556781312397
556792442004
556796034453
556792995482
556796794011
556792883618
556798630052
556792522021
556781424676
556791314855
556799813288
556792771622
556791543722
556792235179
556796140203
556798928173
556799066670
556792425265
556799287604
556796647989
556799518774
556781078455
556781581752
556799849784
556796001592
556792705851
556799012540
556799513919
556796014016
556796712129
556599218244
556792633546
556791579595
556781614154
556796793553
556799834963
556796215252
556792839255
556791431511
556792468061
556792734430
556791669604
556798638441
556799851246
556798257775
556799588340
556784719988
556781343482
556799963900
556799839999
556791012582
